
  ==========================================
  Studio Pro version: 9.6.8
  Started at: 10/14/2023, 12:52:42 PM
  ==========================================
  

[2023-10-14T17:52:47.256Z] : [info]: ---------------------------------------------

[2023-10-14T17:52:47.258Z] : [success]: Bot started

[2023-10-14T17:52:47.260Z] : [info]: Robot start

[2023-10-14T17:53:18.486Z] : [success]: Bot finished successfully, total execution time: 31s 224ms

[2023-10-14T17:53:18.487Z] : [info]: ---------------------------------------------

[2023-10-14T17:54:32.008Z] : [warn]: There is a small amount of free memory (RAM) left, 90.42% of RAM is being used (7181 MBs). The performance of Studio Pro and bots during execution may be unstable. Close applications that are not being used, increase the memory, or optimize the workflow.

[2023-10-14T18:44:02.023Z] : [warn]: There is a small amount of free memory (RAM) left, 92.94% of RAM is being used (7381 MBs). The performance of Studio Pro and bots during execution may be unstable. Close applications that are not being used, increase the memory, or optimize the workflow.

[2023-10-14T18:44:55.546Z] : [success]: Bot started

[2023-10-14T18:44:55.546Z] : [info]: Robot start

[2023-10-14T18:45:17.613Z] : [error]: No elements were found according to your selection. It may happen because of a wrong selector or because the element takes more time to appear on the screen. Try modifying the selector or increasing the element timeout and run the bot again.

[2023-10-14T18:45:18.609Z] : [info]: Total execution time: 22s 67ms

[2023-10-14T18:45:18.610Z] : [info]: ---------------------------------------------

[2023-10-14T18:45:31.854Z] : [success]: Bot started

[2023-10-14T18:45:31.854Z] : [info]: Robot start

[2023-10-14T18:45:48.811Z] : [error]: No elements were found according to your selection. It may happen because of a wrong selector or because the element takes more time to appear on the screen. Try modifying the selector or increasing the element timeout and run the bot again.

[2023-10-14T18:45:49.226Z] : [info]: Total execution time: 16s 957ms

[2023-10-14T18:45:49.227Z] : [info]: ---------------------------------------------

[2023-10-14T18:46:15.157Z] : [success]: Bot started

[2023-10-14T18:46:15.158Z] : [info]: Robot start

[2023-10-14T18:46:45.900Z] : [success]: Bot finished successfully, total execution time: 30s 738ms

[2023-10-14T18:46:45.901Z] : [info]: ---------------------------------------------

[2023-10-14T18:48:09.342Z] : [success]: Robot saved successfully

[2023-10-14T18:48:15.581Z] : [success]: Bot started

[2023-10-14T18:48:15.582Z] : [info]: Robot start

[2023-10-14T18:51:05.764Z] : [info]: Internet connection // error

[2023-10-14T19:10:01.648Z] : [error]: Canceled by user

[2023-10-14T19:10:01.949Z] : [info]: Total execution time: 21m 46s 65ms

[2023-10-14T19:10:01.950Z] : [info]: ---------------------------------------------

[2023-10-14T19:13:46.894Z] : [success]: Connection to our licenses server is restored

[2023-10-14T19:23:30.451Z] : [success]: Robot saved successfully

[2023-10-14T19:23:30.653Z] : [success]: Bot started

[2023-10-14T19:23:30.653Z] : [info]: Robot start

[2023-10-14T19:23:56.659Z] : [success]: Bot finished successfully, total execution time: 26s 3ms

[2023-10-14T19:23:56.661Z] : [info]: ---------------------------------------------

[2023-10-14T19:26:16.899Z] : [success]: Robot saved successfully

[2023-10-14T19:26:17.250Z] : [success]: Bot started

[2023-10-14T19:26:17.251Z] : [info]: Robot start

[2023-10-14T19:26:33.971Z] : [error]: No elements were found according to your selection. It may happen because of a wrong selector or because the element takes more time to appear on the screen. Try modifying the selector or increasing the element timeout and run the bot again.

[2023-10-14T19:26:34.346Z] : [info]: Total execution time: 16s 719ms

[2023-10-14T19:26:34.349Z] : [info]: ---------------------------------------------

[2023-10-14T19:26:46.554Z] : [success]: Bot started

[2023-10-14T19:26:46.555Z] : [info]: Robot start

[2023-10-14T19:27:12.143Z] : [info]: Pagado

[2023-10-14T19:27:12.261Z] : [success]: Bot finished successfully, total execution time: 25s 700ms

[2023-10-14T19:27:12.262Z] : [info]: ---------------------------------------------

[2023-10-14T19:27:27.787Z] : [success]: Robot saved successfully

[2023-10-14T19:27:28.034Z] : [success]: Bot started

[2023-10-14T19:27:28.035Z] : [info]: Robot start

[2023-10-14T19:27:54.619Z] : [info]: 230705030061

[2023-10-14T19:27:54.934Z] : [success]: Bot finished successfully, total execution time: 26s 895ms

[2023-10-14T19:27:54.936Z] : [info]: ---------------------------------------------

[2023-10-14T19:28:31.124Z] : [success]: Robot saved successfully

[2023-10-14T19:28:31.361Z] : [success]: Bot started

[2023-10-14T19:28:31.363Z] : [info]: Robot start

[2023-10-14T19:29:00.428Z] : [error]: No elements were found according to your selection. It may happen because of a wrong selector or because the element takes more time to appear on the screen. Try modifying the selector or increasing the element timeout and run the bot again.

[2023-10-14T19:29:00.825Z] : [info]: Total execution time: 29s 65ms

[2023-10-14T19:29:00.826Z] : [info]: ---------------------------------------------

[2023-10-14T19:30:01.520Z] : [success]: Robot saved successfully

[2023-10-14T19:30:01.698Z] : [success]: Bot started

[2023-10-14T19:30:01.699Z] : [info]: Robot start

[2023-10-14T19:30:32.015Z] : [info]: no es igual

[2023-10-14T19:30:32.331Z] : [success]: Bot finished successfully, total execution time: 30s 627ms

[2023-10-14T19:30:32.333Z] : [info]: ---------------------------------------------

[2023-10-14T19:32:09.297Z] : [info]: Internet connection // error

[2023-10-14T19:32:09.363Z] : [success]: Robot saved successfully

[2023-10-14T19:32:09.454Z] : [success]: Bot started

[2023-10-14T19:32:09.455Z] : [info]: Robot start

[2023-10-14T19:32:44.567Z] : [success]: Bot finished successfully, total execution time: 35s 112ms

[2023-10-14T19:32:44.569Z] : [info]: ---------------------------------------------

[2023-10-14T19:34:21.989Z] : [success]: Connection to our licenses server is restored

[2023-10-14T19:34:22.049Z] : [success]: Robot saved successfully

[2023-10-14T19:34:22.252Z] : [success]: Bot started

[2023-10-14T19:34:22.252Z] : [info]: Robot start

[2023-10-14T19:34:57.331Z] : [success]: Bot finished successfully, total execution time: 35s 74ms

[2023-10-14T19:34:57.332Z] : [info]: ---------------------------------------------

[2023-10-14T19:38:32.041Z] : [warn]: There is a small amount of free memory (RAM) left, 90.34% of RAM is being used (7175 MBs). The performance of Studio Pro and bots during execution may be unstable. Close applications that are not being used, increase the memory, or optimize the workflow.

[2023-10-14T19:39:35.804Z] : [success]: Robot saved successfully

[2023-10-14T19:39:35.989Z] : [success]: Bot started

[2023-10-14T19:39:35.990Z] : [info]: Robot start

[2023-10-14T19:40:07.968Z] : [error]: No elements were found according to your selection. It may happen because of a wrong selector or because the element takes more time to appear on the screen. Try modifying the selector or increasing the element timeout and run the bot again.

[2023-10-14T19:40:08.328Z] : [info]: Total execution time: 31s 978ms

[2023-10-14T19:40:08.329Z] : [info]: ---------------------------------------------

[2023-10-14T19:41:32.921Z] : [success]: Robot saved successfully

[2023-10-14T19:42:06.562Z] : [success]: Bot started

[2023-10-14T19:42:06.563Z] : [info]: Robot start

[2023-10-14T19:42:30.097Z] : [error]: No elements were found according to your selection. It may happen because of a wrong selector or because the element takes more time to appear on the screen. Try modifying the selector or increasing the element timeout and run the bot again.

[2023-10-14T19:42:30.395Z] : [info]: Total execution time: 23s 534ms

[2023-10-14T19:42:30.396Z] : [info]: ---------------------------------------------

[2023-10-14T19:42:43.022Z] : [success]: Bot started

[2023-10-14T19:42:43.023Z] : [info]: Robot start

[2023-10-14T19:43:16.592Z] : [error]: No elements were found according to your selection. It may happen because of a wrong selector or because the element takes more time to appear on the screen. Try modifying the selector or increasing the element timeout and run the bot again.

[2023-10-14T19:43:17.029Z] : [info]: Total execution time: 33s 568ms

[2023-10-14T19:43:17.029Z] : [info]: ---------------------------------------------

[2023-10-14T19:45:06.195Z] : [success]: Robot saved successfully

[2023-10-14T19:45:06.441Z] : [success]: Bot started

[2023-10-14T19:45:06.442Z] : [info]: Robot start

[2023-10-14T19:45:38.107Z] : [error]: No elements were found according to your selection. It may happen because of a wrong selector or because the element takes more time to appear on the screen. Try modifying the selector or increasing the element timeout and run the bot again.

[2023-10-14T19:45:38.464Z] : [info]: Total execution time: 31s 664ms

[2023-10-14T19:45:38.465Z] : [info]: ---------------------------------------------

[2023-10-14T19:46:52.716Z] : [success]: Robot saved successfully

[2023-10-14T19:46:53.095Z] : [success]: Bot started

[2023-10-14T19:46:53.098Z] : [info]: Robot start

[2023-10-14T19:47:23.160Z] : [error]: No elements were found according to your selection. It may happen because of a wrong selector or because the element takes more time to appear on the screen. Try modifying the selector or increasing the element timeout and run the bot again.

[2023-10-14T19:47:23.563Z] : [info]: Total execution time: 30s 62ms

[2023-10-14T19:47:23.564Z] : [info]: ---------------------------------------------

[2023-10-14T19:47:59.268Z] : [success]: Bot started

[2023-10-14T19:47:59.269Z] : [info]: Robot start

[2023-10-14T19:48:31.154Z] : [success]: Bot finished successfully, total execution time: 31s 882ms

[2023-10-14T19:48:31.155Z] : [info]: ---------------------------------------------

[2023-10-14T19:49:03.727Z] : [success]: Robot saved successfully

[2023-10-14T19:49:04.022Z] : [success]: Bot started

[2023-10-14T19:49:04.024Z] : [info]: Robot start

[2023-10-14T19:49:33.346Z] : [error]: No elements were found according to your selection. It may happen because of a wrong selector or because the element takes more time to appear on the screen. Try modifying the selector or increasing the element timeout and run the bot again.

[2023-10-14T19:49:33.746Z] : [info]: Total execution time: 29s 322ms

[2023-10-14T19:49:33.747Z] : [info]: ---------------------------------------------

[2023-10-14T19:49:53.814Z] : [success]: Bot started

[2023-10-14T19:49:53.814Z] : [info]: Robot start

[2023-10-14T19:50:31.424Z] : [success]: Bot finished successfully, total execution time: 37s 608ms

[2023-10-14T19:50:31.425Z] : [info]: ---------------------------------------------

[2023-10-14T19:51:44.666Z] : [success]: Robot saved successfully

[2023-10-14T19:51:57.173Z] : [success]: Bot started

[2023-10-14T19:51:57.173Z] : [info]: Robot start

[2023-10-14T19:52:18.617Z] : [error]: No elements were found according to your selection. It may happen because of a wrong selector or because the element takes more time to appear on the screen. Try modifying the selector or increasing the element timeout and run the bot again.

[2023-10-14T19:52:18.965Z] : [info]: Total execution time: 21s 444ms

[2023-10-14T19:52:18.966Z] : [info]: ---------------------------------------------

[2023-10-14T19:52:26.520Z] : [success]: Bot started

[2023-10-14T19:52:26.521Z] : [info]: Robot start

[2023-10-14T19:52:56.024Z] : [error]: No elements were found according to your selection. It may happen because of a wrong selector or because the element takes more time to appear on the screen. Try modifying the selector or increasing the element timeout and run the bot again.

[2023-10-14T19:52:56.402Z] : [info]: Total execution time: 29s 503ms

[2023-10-14T19:52:56.403Z] : [info]: ---------------------------------------------

[2023-10-14T19:53:46.772Z] : [info]: Internet connection // error

[2023-10-14T19:53:46.882Z] : [success]: Robot saved successfully

[2023-10-14T19:53:47.015Z] : [success]: Bot started

[2023-10-14T19:53:47.016Z] : [info]: Robot start

[2023-10-14T19:54:18.849Z] : [error]: No elements were found according to your selection. It may happen because of a wrong selector or because the element takes more time to appear on the screen. Try modifying the selector or increasing the element timeout and run the bot again.

[2023-10-14T19:54:19.244Z] : [info]: Total execution time: 31s 832ms

[2023-10-14T19:54:19.246Z] : [info]: ---------------------------------------------

[2023-10-14T19:54:59.514Z] : [success]: Robot saved successfully

[2023-10-14T19:54:59.600Z] : [success]: Bot started

[2023-10-14T19:54:59.602Z] : [info]: Robot start

[2023-10-14T19:55:35.451Z] : [success]: Bot finished successfully, total execution time: 35s 849ms

[2023-10-14T19:55:35.452Z] : [info]: ---------------------------------------------

[2023-10-14T19:57:16.452Z] : [success]: Connection to our licenses server is restored

[2023-10-14T19:57:16.509Z] : [success]: Robot saved successfully

[2023-10-14T19:57:16.524Z] : [error]: Activity parameters required: Console log

[2023-10-14T19:57:16.857Z] : [info]: ---------------------------------------------

[2023-10-14T19:58:12.695Z] : [success]: Robot saved successfully

[2023-10-14T19:58:12.890Z] : [success]: Bot started

[2023-10-14T19:58:12.891Z] : [info]: Robot start

[2023-10-14T19:58:39.211Z] : [error]: No elements were found according to your selection. It may happen because of a wrong selector or because the element takes more time to appear on the screen. Try modifying the selector or increasing the element timeout and run the bot again.

[2023-10-14T19:58:39.629Z] : [info]: Total execution time: 26s 319ms

[2023-10-14T19:58:39.630Z] : [info]: ---------------------------------------------

[2023-10-14T19:58:44.457Z] : [error]: Cannot read properties of null (reading 'type')

[2023-10-14T19:58:44.460Z] : [error]: Cannot read properties of null (reading 'type')

