
  ==========================================
  Studio Pro version: 9.6.8
  Started at: 10/25/2023, 8:06:57 PM
  ==========================================
  

[2023-10-26T01:07:22.540Z] : [success]: Robot saved successfully

[2023-10-26T01:07:42.746Z] : [success]: Robot saved successfully

[2023-10-26T01:07:43.136Z] : [info]: ---------------------------------------------

[2023-10-26T01:07:43.137Z] : [success]: Bot started

[2023-10-26T01:07:43.137Z] : [info]: Robot start

[2023-10-26T01:09:12.350Z] : [info]: undefined

[2023-10-26T01:09:12.356Z] : [info]: {"nombre":"Tarango Chacón Patricia","uso":"Sin efectos fiscales","tipo":"impuestos Traslados","email":"[SIGALA@GMAIL.COM](SIGALA@GMAIL.COM)"}

[2023-10-26T01:09:13.313Z] : [success]: Bot finished successfully, total execution time: 1m 30s 173ms

[2023-10-26T01:09:13.314Z] : [info]: ---------------------------------------------

[2023-10-26T01:09:50.424Z] : [success]: Robot saved successfully

[2023-10-26T01:10:13.319Z] : [info]: Internet connection // error

[2023-10-26T01:10:13.490Z] : [info]: ---------------------------------------------

[2023-10-26T01:10:13.490Z] : [success]: Bot started

[2023-10-26T01:10:13.491Z] : [info]: Robot start

[2023-10-26T01:11:37.834Z] : [success]: Bot finished successfully, total execution time: 1m 24s 343ms

[2023-10-26T01:11:37.836Z] : [info]: ---------------------------------------------

[2023-10-26T01:13:32.562Z] : [success]: Connection to our licenses server is restored

[2023-10-26T01:13:32.766Z] : [success]: Bot started

[2023-10-26T01:13:32.767Z] : [info]: Robot start

[2023-10-26T01:14:55.101Z] : [success]: Bot finished successfully, total execution time: 1m 22s 329ms

[2023-10-26T01:14:55.103Z] : [info]: ---------------------------------------------

[2023-10-26T01:25:14.672Z] : [info]: Internet connection // error

[2023-10-26T04:00:46.158Z] : [success]: Connection to our licenses server is restored

[2023-10-26T15:29:37.546Z] : [warn]: There is a small amount of free memory (RAM) left, 91.43% of RAM is being used (7261 MBs). The performance of Studio Pro and bots during execution may be unstable. Close applications that are not being used, increase the memory, or optimize the workflow.

[2023-10-26T15:30:37.523Z] : [warn]: There is a small amount of free memory (RAM) left, 92.37% of RAM is being used (7336 MBs). The performance of Studio Pro and bots during execution may be unstable. Close applications that are not being used, increase the memory, or optimize the workflow.

[2023-10-26T17:53:37.588Z] : [warn]: There is a small amount of free memory (RAM) left, 91.83% of RAM is being used (7293 MBs). The performance of Studio Pro and bots during execution may be unstable. Close applications that are not being used, increase the memory, or optimize the workflow.

[2023-10-26T17:54:37.528Z] : [warn]: There is a small amount of free memory (RAM) left, 90.59% of RAM is being used (7195 MBs). The performance of Studio Pro and bots during execution may be unstable. Close applications that are not being used, increase the memory, or optimize the workflow.

[2023-10-26T18:46:11.550Z] : [success]: Robot saved successfully

