
  ==========================================
  Studio Pro version: 9.6.8
  Started at: 10/27/2023, 12:50:58 PM
  ==========================================
  

[2023-10-27T17:51:13.478Z] : [info]: ---------------------------------------------

[2023-10-27T17:51:13.479Z] : [success]: Bot started

[2023-10-27T17:51:13.480Z] : [info]: Robot start

[2023-10-27T17:57:19.815Z] : [info]: ---------------------------------------------

[2023-10-27T17:57:19.815Z] : [success]: Bot started

[2023-10-27T17:57:19.816Z] : [info]: Robot start

[2023-10-27T17:58:41.419Z] : [success]: Bot finished successfully, total execution time: 1m 21s 601ms

[2023-10-27T17:58:41.421Z] : [info]: ---------------------------------------------

[2023-10-27T18:00:10.308Z] : [warn]: There is a small amount of free memory (RAM) left, 91.54% of RAM is being used (7270 MBs). The performance of Studio Pro and bots during execution may be unstable. Close applications that are not being used, increase the memory, or optimize the workflow.

[2023-10-27T18:02:32.492Z] : [success]: Bot started

[2023-10-27T18:02:32.493Z] : [info]: Robot start

[2023-10-27T18:03:58.457Z] : [success]: Bot finished successfully, total execution time: 1m 25s 961ms

[2023-10-27T18:03:58.458Z] : [info]: ---------------------------------------------

[2023-10-27T18:06:10.312Z] : [warn]: There is a small amount of free memory (RAM) left, 91.95% of RAM is being used (7303 MBs). The performance of Studio Pro and bots during execution may be unstable. Close applications that are not being used, increase the memory, or optimize the workflow.

[2023-10-27T18:07:31.185Z] : [success]: Bot started

[2023-10-27T18:07:31.186Z] : [info]: Robot start

[2023-10-27T18:08:49.111Z] : [warn]: Keep in mind that it is good practice to set different names for variables. If a global and a local variable have the same name, the local one may shadow the global one. In case, you want to keep the names alike, we recommend you enable the Clear variables before execution option or add a lowercase “g” to the global one

[2023-10-27T18:08:49.273Z] : [success]: Bot finished successfully, total execution time: 1m 18s 83ms

[2023-10-27T18:08:49.274Z] : [info]: ---------------------------------------------

[2023-10-27T18:09:40.346Z] : [warn]: There is a small amount of free memory (RAM) left, 90.78% of RAM is being used (7210 MBs). The performance of Studio Pro and bots during execution may be unstable. Close applications that are not being used, increase the memory, or optimize the workflow.

[2023-10-27T18:10:40.336Z] : [warn]: There is a small amount of free memory (RAM) left, 90.32% of RAM is being used (7173 MBs). The performance of Studio Pro and bots during execution may be unstable. Close applications that are not being used, increase the memory, or optimize the workflow.

[2023-10-27T18:11:08.218Z] : [success]: Bot started

[2023-10-27T18:11:08.219Z] : [info]: Robot start

[2023-10-27T18:12:29.044Z] : [success]: Bot finished successfully, total execution time: 1m 20s 818ms

[2023-10-27T18:12:29.045Z] : [info]: ---------------------------------------------

[2023-10-27T18:13:10.297Z] : [warn]: There is a small amount of free memory (RAM) left, 90.19% of RAM is being used (7163 MBs). The performance of Studio Pro and bots during execution may be unstable. Close applications that are not being used, increase the memory, or optimize the workflow.

[2023-10-27T18:15:40.358Z] : [warn]: There is a small amount of free memory (RAM) left, 91.77% of RAM is being used (7288 MBs). The performance of Studio Pro and bots during execution may be unstable. Close applications that are not being used, increase the memory, or optimize the workflow.

[2023-10-27T18:19:40.347Z] : [warn]: There is a small amount of free memory (RAM) left, 90.77% of RAM is being used (7209 MBs). The performance of Studio Pro and bots during execution may be unstable. Close applications that are not being used, increase the memory, or optimize the workflow.

[2023-10-27T18:30:10.313Z] : [warn]: There is a small amount of free memory (RAM) left, 94.35% of RAM is being used (7493 MBs). The performance of Studio Pro and bots during execution may be unstable. Close applications that are not being used, increase the memory, or optimize the workflow.

[2023-10-27T18:33:40.348Z] : [warn]: There is a small amount of free memory (RAM) left, 90.15% of RAM is being used (7160 MBs). The performance of Studio Pro and bots during execution may be unstable. Close applications that are not being used, increase the memory, or optimize the workflow.

[2023-10-27T18:46:10.309Z] : [warn]: There is a small amount of free memory (RAM) left, 90.08% of RAM is being used (7154 MBs). The performance of Studio Pro and bots during execution may be unstable. Close applications that are not being used, increase the memory, or optimize the workflow.

[2023-10-27T18:47:10.297Z] : [warn]: There is a small amount of free memory (RAM) left, 93.11% of RAM is being used (7395 MBs). The performance of Studio Pro and bots during execution may be unstable. Close applications that are not being used, increase the memory, or optimize the workflow.

[2023-10-27T18:50:10.310Z] : [warn]: There is a small amount of free memory (RAM) left, 91.01% of RAM is being used (7228 MBs). The performance of Studio Pro and bots during execution may be unstable. Close applications that are not being used, increase the memory, or optimize the workflow.

[2023-10-27T18:55:40.383Z] : [warn]: There is a small amount of free memory (RAM) left, 90.67% of RAM is being used (7201 MBs). The performance of Studio Pro and bots during execution may be unstable. Close applications that are not being used, increase the memory, or optimize the workflow.

[2023-10-27T19:03:14.033Z] : [success]: Bot started

[2023-10-27T19:03:14.034Z] : [info]: Robot start

[2023-10-27T19:04:36.383Z] : [success]: Bot finished successfully, total execution time: 1m 22s 346ms

[2023-10-27T19:04:36.385Z] : [info]: ---------------------------------------------

[2023-10-27T19:06:04.358Z] : [success]: Bot started

[2023-10-27T19:06:04.359Z] : [info]: Robot start

[2023-10-27T19:08:54.284Z] : [success]: Robot saved successfully

[2023-10-27T19:08:54.390Z] : [success]: Robot saved successfully

[2023-10-27T19:08:54.498Z] : [success]: Robot saved successfully

[2023-10-27T19:08:55.804Z] : [success]: Bot started

[2023-10-27T19:08:55.805Z] : [info]: Robot start

[2023-10-27T19:10:33.925Z] : [success]: Bot finished successfully, total execution time: 1m 38s 115ms

[2023-10-27T19:10:33.927Z] : [info]: ---------------------------------------------

[2023-10-27T19:11:27.820Z] : [success]: Robot saved successfully

[2023-10-27T19:12:13.457Z] : [success]: Bot started

[2023-10-27T19:12:13.457Z] : [info]: Robot start

[2023-10-27T19:13:45.972Z] : [success]: Bot finished successfully, total execution time: 1m 32s 513ms

[2023-10-27T19:13:45.974Z] : [info]: ---------------------------------------------

[2023-10-27T19:16:10.676Z] : [success]: Bot started

[2023-10-27T19:16:10.677Z] : [info]: Robot start

[2023-10-27T19:17:45.375Z] : [success]: Bot finished successfully, total execution time: 1m 34s 695ms

[2023-10-27T19:17:45.377Z] : [info]: ---------------------------------------------

[2023-10-27T19:20:43.478Z] : [success]: Bot started

[2023-10-27T19:20:43.479Z] : [info]: Robot start

[2023-10-27T19:22:10.193Z] : [success]: Bot finished successfully, total execution time: 1m 26s 712ms

[2023-10-27T19:22:10.195Z] : [info]: ---------------------------------------------

[2023-10-27T19:22:14.893Z] : [success]: Robot saved successfully

