
  ==========================================
  Studio Pro version: 9.6.8
  Started at: 10/16/2023, 11:41:51 PM
  ==========================================
  

[2023-10-17T04:43:27.718Z] : [success]: Robot saved successfully

[2023-10-17T04:43:27.773Z] : [success]: Robot saved successfully

[2023-10-17T04:43:28.025Z] : [info]: ---------------------------------------------

[2023-10-17T04:43:28.026Z] : [success]: Bot started

[2023-10-17T04:43:28.026Z] : [info]: Robot start

[2023-10-17T04:43:43.960Z] : [info]: message is not defined

[2023-10-17T04:43:44.331Z] : [success]: Bot finished successfully, total execution time: 16s 302ms

[2023-10-17T04:43:44.332Z] : [info]: ---------------------------------------------

[2023-10-17T04:44:14.826Z] : [success]: Robot saved successfully

[2023-10-17T04:44:14.875Z] : [success]: Robot saved successfully

[2023-10-17T04:44:14.986Z] : [success]: Bot started

[2023-10-17T04:44:14.987Z] : [info]: Robot start

[2023-10-17T04:46:11.876Z] : [success]: Robot saved successfully

[2023-10-17T04:46:11.928Z] : [success]: Robot saved successfully

[2023-10-17T04:46:12.034Z] : [success]: Bot started

[2023-10-17T04:46:12.034Z] : [info]: Robot start

[2023-10-17T04:46:56.586Z] : [success]: Bot finished successfully, total execution time: 44s 549ms

[2023-10-17T04:46:56.587Z] : [info]: ---------------------------------------------

[2023-10-17T04:50:21.005Z] : [success]: Robot saved successfully

[2023-10-17T04:50:21.050Z] : [success]: Robot saved successfully

[2023-10-17T04:50:21.155Z] : [info]: ---------------------------------------------

[2023-10-17T04:50:21.156Z] : [success]: Bot started

[2023-10-17T04:50:21.156Z] : [info]: Robot start

[2023-10-17T04:53:10.566Z] : [success]: Robot saved successfully

[2023-10-17T04:53:10.627Z] : [success]: Robot saved successfully

[2023-10-17T04:53:10.746Z] : [success]: Bot started

[2023-10-17T04:53:10.747Z] : [info]: Robot start

[2023-10-17T04:53:55.810Z] : [success]: Bot finished successfully, total execution time: 45s 61ms

[2023-10-17T04:53:55.811Z] : [info]: ---------------------------------------------

[2023-10-17T04:55:18.899Z] : [success]: Bot started

[2023-10-17T04:55:18.901Z] : [info]: Robot start

