
  ==========================================
  Studio Pro version: 9.6.8
  Started at: 10/18/2023, 8:38:14 PM
  ==========================================
  

[2023-10-19T01:44:03.562Z] : [success]: Robot saved successfully

[2023-10-19T01:44:03.637Z] : [success]: Robot saved successfully

[2023-10-19T01:44:04.429Z] : [info]: ---------------------------------------------

[2023-10-19T01:44:04.430Z] : [success]: Bot started

[2023-10-19T01:44:04.430Z] : [info]: Robot start

[2023-10-19T01:45:00.593Z] : [success]: Bot finished successfully, total execution time: 56s 160ms

[2023-10-19T01:45:00.594Z] : [info]: ---------------------------------------------

[2023-10-19T01:48:02.624Z] : [success]: Robot saved successfully

[2023-10-19T01:48:02.692Z] : [success]: Robot saved successfully

[2023-10-19T01:48:03.118Z] : [success]: Bot started

[2023-10-19T01:48:03.120Z] : [info]: Robot start

[2023-10-19T01:48:57.819Z] : [success]: Bot finished successfully, total execution time: 54s 695ms

[2023-10-19T01:48:57.822Z] : [info]: ---------------------------------------------

[2023-10-19T01:51:52.644Z] : [info]: Internet connection // error

[2023-10-19T01:51:52.771Z] : [success]: Robot saved successfully

[2023-10-19T01:51:52.840Z] : [success]: Robot saved successfully

[2023-10-19T01:52:10.367Z] : [success]: Connection to our licenses server is restored

[2023-10-19T01:52:10.491Z] : [success]: Robot saved successfully

[2023-10-19T01:52:10.560Z] : [success]: Robot saved successfully

[2023-10-19T01:52:10.931Z] : [success]: Bot started

[2023-10-19T01:52:10.932Z] : [info]: Robot start

[2023-10-19T01:52:59.740Z] : [success]: Bot finished successfully, total execution time: 48s 805ms

[2023-10-19T01:52:59.742Z] : [info]: ---------------------------------------------

[2023-10-19T01:53:15.002Z] : [success]: Bot started

[2023-10-19T01:53:15.003Z] : [info]: Robot start

[2023-10-19T01:54:08.475Z] : [info]: [brayanelcrack20@gmail.com](brayanelcrack20@gmail.com)

[2023-10-19T01:54:09.036Z] : [success]: Bot finished successfully, total execution time: 54s 29ms

[2023-10-19T01:54:09.038Z] : [info]: ---------------------------------------------

[2023-10-19T01:54:19.737Z] : [success]: Robot saved successfully

[2023-10-19T01:54:30.502Z] : [success]: Bot started

[2023-10-19T01:54:30.502Z] : [info]: Robot start

[2023-10-19T01:55:14.753Z] : [warn]: Keep in mind that it is good practice to set different names for variables. If a global and a local variable have the same name, the local one may shadow the global one. In case, you want to keep the names alike, we recommend you enable the Clear variables before execution option or add a lowercase “g” to the global one

[2023-10-19T01:55:14.996Z] : [success]: Bot finished successfully, total execution time: 44s 492ms

[2023-10-19T01:55:14.996Z] : [info]: ---------------------------------------------

[2023-10-19T01:55:20.668Z] : [success]: Bot started

[2023-10-19T01:55:20.669Z] : [info]: Robot start

[2023-10-19T01:56:09.802Z] : [info]: [brayanelcrack20@gmail.com](brayanelcrack20@gmail.com)

[2023-10-19T01:56:10.662Z] : [success]: Bot finished successfully, total execution time: 49s 986ms

[2023-10-19T01:56:10.664Z] : [info]: ---------------------------------------------

[2023-10-19T02:08:13.140Z] : [success]: Robot saved successfully

[2023-10-19T02:08:13.222Z] : [success]: Robot saved successfully

[2023-10-19T02:08:13.643Z] : [success]: Bot started

[2023-10-19T02:08:13.644Z] : [info]: Robot start

[2023-10-19T02:10:46.609Z] : [success]: Robot saved successfully

[2023-10-19T02:10:46.686Z] : [success]: Robot saved successfully

[2023-10-19T02:10:47.038Z] : [success]: Bot started

[2023-10-19T02:10:47.038Z] : [info]: Robot start

[2023-10-19T02:11:43.622Z] : [info]: {"nombre":"Duran Marquez Breiner Alexander","uso":"Honorarios médicos, dentales y gastos hospitalarios.","tipo":"Impuestos traslados","sexo":"Femenino","fecha":{"year":"2023","monthName":"Junio","day":"08"},"teléfono":"04145818721","rfc":"ALE 1234","régimen":"Enajenación de bienes","código":"21100","email":"[brayanelcrack20@gmail.com](brayanelcrack20@gmail.com)"}

[2023-10-19T02:11:44.325Z] : [success]: Bot finished successfully, total execution time: 57s 283ms

[2023-10-19T02:11:44.326Z] : [info]: ---------------------------------------------

[2023-10-19T02:17:48.356Z] : [success]: Robot saved successfully

[2023-10-19T02:17:48.430Z] : [success]: Robot saved successfully

[2023-10-19T02:17:48.829Z] : [info]: ---------------------------------------------

[2023-10-19T02:17:48.829Z] : [success]: Bot started

[2023-10-19T02:17:48.830Z] : [info]: Robot start

[2023-10-19T02:51:05.398Z] : [success]: Robot saved successfully

[2023-10-19T02:51:19.327Z] : [success]: Robot saved successfully

[2023-10-19T02:51:19.423Z] : [success]: Robot saved successfully

[2023-10-19T02:51:19.862Z] : [success]: Bot started

[2023-10-19T02:51:19.862Z] : [info]: Robot start

[2023-10-19T02:52:39.259Z] : [success]: Robot saved successfully

[2023-10-19T02:52:39.338Z] : [success]: Robot saved successfully

[2023-10-19T02:52:39.706Z] : [success]: Bot started

[2023-10-19T02:52:39.707Z] : [info]: Robot start

[2023-10-19T02:53:44.197Z] : [success]: Bot finished successfully, total execution time: 1m 4s 486ms

[2023-10-19T02:53:44.198Z] : [info]: ---------------------------------------------

[2023-10-19T02:56:44.610Z] : [success]: Robot saved successfully

[2023-10-19T02:56:44.681Z] : [success]: Robot saved successfully

[2023-10-19T02:56:45.306Z] : [info]: ---------------------------------------------

[2023-10-19T02:56:45.307Z] : [success]: Bot started

[2023-10-19T02:56:45.307Z] : [info]: Robot start

[2023-10-19T02:57:36.477Z] : [success]: Bot finished successfully, total execution time: 51s 166ms

[2023-10-19T02:57:36.478Z] : [info]: ---------------------------------------------

[2023-10-19T03:01:59.940Z] : [success]: Robot saved successfully

[2023-10-19T03:02:00.014Z] : [success]: Robot saved successfully

[2023-10-19T03:02:00.511Z] : [info]: ---------------------------------------------

[2023-10-19T03:02:00.512Z] : [success]: Bot started

[2023-10-19T03:02:00.512Z] : [info]: Robot start

[2023-10-19T03:02:50.148Z] : [info]: {"nombre":"Duran Marquez Breiner Alexander","uso":"Honorarios medicos, dentales y gastos hospitalarios.","tipo":"Impuestos traslados","sexo":"Femenino","fecha":"2023/06/08","telefono":"04145818721","rfc":"ALE 1234","regimen":"Enajenacion de bienes","codigo":"21100","email":"[brayanelcrack20@gmail.com](brayanelcrack20@gmail.com)"}

[2023-10-19T03:02:50.884Z] : [success]: Bot finished successfully, total execution time: 50s 368ms

[2023-10-19T03:02:50.886Z] : [info]: ---------------------------------------------

[2023-10-19T03:03:55.049Z] : [success]: Robot saved successfully

[2023-10-19T03:03:55.121Z] : [success]: Robot saved successfully

[2023-10-19T03:03:55.524Z] : [success]: Bot started

[2023-10-19T03:03:55.525Z] : [info]: Robot start

[2023-10-19T03:04:46.137Z] : [success]: Bot finished successfully, total execution time: 50s 609ms

[2023-10-19T03:04:46.138Z] : [info]: ---------------------------------------------

[2023-10-19T03:18:31.499Z] : [success]: Robot saved successfully

[2023-10-19T03:18:31.569Z] : [success]: Robot saved successfully

[2023-10-19T03:18:32.037Z] : [success]: Bot started

[2023-10-19T03:18:32.038Z] : [info]: Robot start

[2023-10-19T03:19:40.603Z] : [success]: Bot finished successfully, total execution time: 1m 8s 563ms

[2023-10-19T03:19:40.604Z] : [info]: ---------------------------------------------

[2023-10-19T03:20:24.590Z] : [success]: Robot saved successfully

[2023-10-19T03:20:24.674Z] : [success]: Robot saved successfully

[2023-10-19T03:20:25.197Z] : [success]: Bot started

[2023-10-19T03:20:25.198Z] : [info]: Robot start

[2023-10-19T03:21:16.812Z] : [success]: Bot finished successfully, total execution time: 51s 610ms

[2023-10-19T03:21:16.813Z] : [info]: ---------------------------------------------

[2023-10-19T03:23:56.113Z] : [success]: Robot saved successfully

[2023-10-19T03:25:08.282Z] : [success]: Robot saved successfully

[2023-10-19T03:25:08.358Z] : [success]: Robot saved successfully

[2023-10-19T03:25:08.770Z] : [success]: Bot started

[2023-10-19T03:25:08.771Z] : [info]: Robot start

[2023-10-19T03:26:03.202Z] : [success]: Bot finished successfully, total execution time: 54s 429ms

[2023-10-19T03:26:03.203Z] : [info]: ---------------------------------------------

[2023-10-19T03:27:04.905Z] : [success]: Robot saved successfully

[2023-10-19T03:27:04.985Z] : [success]: Robot saved successfully

[2023-10-19T03:27:05.370Z] : [success]: Bot started

[2023-10-19T03:27:05.371Z] : [info]: Robot start

[2023-10-19T03:28:02.608Z] : [success]: Bot finished successfully, total execution time: 57s 234ms

[2023-10-19T03:28:02.610Z] : [info]: ---------------------------------------------

[2023-10-19T03:28:29.413Z] : [success]: Robot saved successfully

[2023-10-19T03:28:39.867Z] : [success]: Bot started

[2023-10-19T03:28:39.868Z] : [info]: Robot start

[2023-10-19T03:29:31.693Z] : [success]: Bot finished successfully, total execution time: 51s 821ms

[2023-10-19T03:29:31.694Z] : [info]: ---------------------------------------------

[2023-10-19T03:32:36.152Z] : [success]: Robot saved successfully

[2023-10-19T03:32:36.226Z] : [success]: Robot saved successfully

[2023-10-19T03:32:36.628Z] : [success]: Bot started

[2023-10-19T03:32:36.629Z] : [info]: Robot start

[2023-10-19T03:33:30.494Z] : [success]: Bot finished successfully, total execution time: 53s 861ms

[2023-10-19T03:33:30.497Z] : [info]: ---------------------------------------------

[2023-10-19T03:36:58.262Z] : [success]: Robot saved successfully

[2023-10-19T03:36:58.343Z] : [success]: Robot saved successfully

[2023-10-19T03:36:58.729Z] : [success]: Bot started

[2023-10-19T03:36:58.730Z] : [info]: Robot start

[2023-10-19T03:38:11.735Z] : [warn]: Keep in mind that it is good practice to set different names for variables. If a global and a local variable have the same name, the local one may shadow the global one. In case, you want to keep the names alike, we recommend you enable the Clear variables before execution option or add a lowercase “g” to the global one

[2023-10-19T03:38:11.772Z] : [success]: Bot finished successfully, total execution time: 1m 13s 39ms

[2023-10-19T03:38:11.773Z] : [info]: ---------------------------------------------

[2023-10-19T03:41:23.362Z] : [success]: Bot started

[2023-10-19T03:41:23.363Z] : [info]: Robot start

[2023-10-19T03:42:34.508Z] : [success]: Bot finished successfully, total execution time: 1m 11s 141ms

[2023-10-19T03:42:34.510Z] : [info]: ---------------------------------------------

[2023-10-19T03:44:58.960Z] : [success]: Bot started

[2023-10-19T03:44:58.961Z] : [info]: Robot start

[2023-10-19T03:46:00.935Z] : [warn]: Keep in mind that it is good practice to set different names for variables. If a global and a local variable have the same name, the local one may shadow the global one. In case, you want to keep the names alike, we recommend you enable the Clear variables before execution option or add a lowercase “g” to the global one

[2023-10-19T03:46:01.083Z] : [success]: Bot finished successfully, total execution time: 1m 2s 116ms

[2023-10-19T03:46:01.085Z] : [info]: ---------------------------------------------

[2023-10-19T03:47:25.039Z] : [success]: Bot started

[2023-10-19T03:47:25.040Z] : [info]: Robot start

[2023-10-19T03:50:38.358Z] : [success]: Robot saved successfully

[2023-10-19T03:50:38.460Z] : [success]: Robot saved successfully

[2023-10-19T03:50:38.569Z] : [success]: Robot saved successfully

[2023-10-19T03:50:39.307Z] : [success]: Bot started

[2023-10-19T03:50:39.308Z] : [info]: Robot start

[2023-10-19T03:52:36.129Z] : [success]: Robot saved successfully

[2023-10-19T03:52:45.260Z] : [success]: Bot started

[2023-10-19T03:52:45.261Z] : [info]: Robot start

[2023-10-19T03:54:11.963Z] : [error]: Script Stopped.

[2023-10-19T03:54:12.707Z] : [info]: Total execution time: 1m 26s 701ms

[2023-10-19T03:54:12.708Z] : [info]: ---------------------------------------------

[2023-10-19T03:55:13.821Z] : [success]: Robot saved successfully

[2023-10-19T03:55:13.929Z] : [success]: Robot saved successfully

[2023-10-19T03:55:14.032Z] : [success]: Robot saved successfully

[2023-10-19T03:55:15.201Z] : [success]: Bot started

[2023-10-19T03:55:15.201Z] : [info]: Robot start


  ==========================================
  Studio Pro version: 9.6.8
  Started at: 10/18/2023, 11:00:08 PM
  ==========================================
  

[2023-10-19T04:03:18.902Z] : [success]: Robot saved successfully

[2023-10-19T04:05:11.787Z] : [success]: Bot started

[2023-10-19T04:05:11.788Z] : [info]: Robot start

[2023-10-19T04:06:33.044Z] : [error]: Script Stopped.

[2023-10-19T04:06:33.872Z] : [info]: Total execution time: 1m 21s 254ms

[2023-10-19T04:06:33.872Z] : [info]: ---------------------------------------------

[2023-10-19T04:07:12.487Z] : [success]: Robot saved successfully

[2023-10-19T04:07:12.613Z] : [success]: Robot saved successfully

[2023-10-19T04:07:12.729Z] : [success]: Robot saved successfully

[2023-10-19T04:07:13.515Z] : [success]: Bot started

[2023-10-19T04:07:13.516Z] : [info]: Robot start

[2023-10-19T04:12:47.101Z] : [success]: Robot saved successfully

[2023-10-19T04:12:47.222Z] : [success]: Robot saved successfully

[2023-10-19T04:12:47.328Z] : [success]: Robot saved successfully

[2023-10-19T04:12:48.261Z] : [success]: Bot started

[2023-10-19T04:12:48.262Z] : [info]: Robot start

[2023-10-19T04:15:33.158Z] : [success]: Robot saved successfully

[2023-10-19T04:19:36.439Z] : [success]: Robot saved successfully

[2023-10-19T04:19:36.519Z] : [success]: Robot saved successfully

[2023-10-19T04:19:36.908Z] : [success]: Bot started

[2023-10-19T04:19:36.909Z] : [info]: Robot start

[2023-10-19T04:23:51.805Z] : [success]: Robot saved successfully

[2023-10-19T04:23:51.926Z] : [success]: Robot saved successfully

[2023-10-19T04:23:52.564Z] : [success]: Bot started

[2023-10-19T04:23:52.564Z] : [info]: Robot start

[2023-10-19T04:25:50.933Z] : [success]: Robot saved successfully

[2023-10-19T04:26:22.422Z] : [error]: Cannot read properties of null (reading 'type')

[2023-10-19T04:26:22.424Z] : [error]: Cannot read properties of null (reading 'type')

[2023-10-19T04:26:22.428Z] : [error]: Cannot read properties of null (reading 'type')

[2023-10-19T04:26:22.430Z] : [error]: Cannot read properties of null (reading 'type')

[2023-10-19T04:26:22.436Z] : [error]: Cannot read properties of null (reading 'type')

[2023-10-19T04:26:22.462Z] : [error]: Cannot read properties of null (reading 'type')

[2023-10-19T04:26:22.463Z] : [error]: Cannot read properties of null (reading 'type')

[2023-10-19T04:26:22.467Z] : [error]: Cannot read properties of null (reading 'type')

[2023-10-19T04:26:22.472Z] : [error]: Cannot read properties of null (reading 'type')

[2023-10-19T04:26:22.476Z] : [error]: Cannot read properties of null (reading 'type')

