
  ==========================================
  Studio Pro version: 9.6.8
  Started at: 10/18/2023, 11:26:45 PM
  ==========================================
  

[2023-10-19T04:28:10.694Z] : [success]: Robot saved successfully

[2023-10-19T04:28:10.760Z] : [success]: Robot saved successfully

[2023-10-19T04:28:11.117Z] : [info]: ---------------------------------------------

[2023-10-19T04:28:11.118Z] : [success]: Bot started

[2023-10-19T04:28:11.118Z] : [info]: Robot start

[2023-10-19T04:32:20.767Z] : [success]: Robot saved successfully

[2023-10-19T04:32:20.842Z] : [success]: Robot saved successfully

[2023-10-19T04:32:21.226Z] : [info]: ---------------------------------------------

[2023-10-19T04:32:21.227Z] : [success]: Bot started

[2023-10-19T04:32:21.227Z] : [info]: Robot start

[2023-10-19T04:38:26.453Z] : [success]: Robot saved successfully

[2023-10-19T04:38:26.528Z] : [success]: Robot saved successfully

[2023-10-19T04:38:27.061Z] : [success]: Bot started

[2023-10-19T04:38:27.062Z] : [info]: Robot start

[2023-10-19T04:42:27.488Z] : [success]: Robot saved successfully

[2023-10-19T04:42:27.565Z] : [success]: Robot saved successfully

[2023-10-19T04:42:27.960Z] : [success]: Bot started

[2023-10-19T04:42:27.961Z] : [info]: Robot start

[2023-10-19T04:44:47.428Z] : [success]: Robot saved successfully

[2023-10-19T04:44:47.499Z] : [success]: Robot saved successfully

[2023-10-19T04:44:47.845Z] : [success]: Bot started

[2023-10-19T04:44:47.846Z] : [info]: Robot start

[2023-10-19T04:50:34.481Z] : [success]: Robot saved successfully

[2023-10-19T04:50:34.941Z] : [success]: Bot started

[2023-10-19T04:50:34.941Z] : [info]: Robot start

[2023-10-19T04:52:47.215Z] : [success]: Robot saved successfully

[2023-10-19T04:52:47.334Z] : [success]: Robot saved successfully

[2023-10-19T04:52:47.438Z] : [success]: Robot saved successfully

[2023-10-19T04:52:48.280Z] : [success]: Bot started

[2023-10-19T04:52:48.281Z] : [info]: Robot start

[2023-10-19T04:55:26.896Z] : [success]: Robot saved successfully

[2023-10-19T04:55:27.019Z] : [success]: Robot saved successfully

[2023-10-19T04:55:27.127Z] : [success]: Robot saved successfully

[2023-10-19T04:55:27.865Z] : [success]: Bot started

[2023-10-19T04:55:27.865Z] : [info]: Robot start

[2023-10-19T04:57:37.292Z] : [error]: Script Stopped.

[2023-10-19T04:57:37.863Z] : [info]: Total execution time: 2m 9s 426ms

[2023-10-19T04:57:37.864Z] : [info]: ---------------------------------------------

[2023-10-19T04:57:59.252Z] : [success]: Robot saved successfully

[2023-10-19T04:58:23.511Z] : [success]: Robot saved successfully

[2023-10-19T04:58:37.221Z] : [success]: Robot saved successfully

