
  ==========================================
  Studio Pro version: 9.6.8
  Started at: 10/18/2023, 2:33:28 PM
  ==========================================
  

[2023-10-18T19:33:33.046Z] : [success]: Robot saved successfully

[2023-10-18T19:51:26.017Z] : [success]: Robot saved successfully

[2023-10-18T19:51:27.422Z] : [error]: Cannot read properties of null (reading 'type')

[2023-10-18T19:51:27.424Z] : [error]: Cannot read properties of null (reading 'type')

[2023-10-18T19:51:27.427Z] : [error]: Cannot read properties of null (reading 'type')

[2023-10-18T19:51:27.430Z] : [error]: Cannot read properties of null (reading 'type')

[2023-10-18T19:51:27.433Z] : [error]: Cannot read properties of null (reading 'type')

[2023-10-18T19:51:27.435Z] : [error]: Cannot read properties of null (reading 'type')

[2023-10-18T19:51:27.437Z] : [error]: Cannot read properties of null (reading 'type')

[2023-10-18T19:51:27.438Z] : [error]: Cannot read properties of null (reading 'type')

[2023-10-18T19:51:27.440Z] : [error]: Cannot read properties of null (reading 'type')

[2023-10-18T19:51:27.442Z] : [error]: Cannot read properties of null (reading 'type')

[2023-10-18T19:51:27.444Z] : [error]: Cannot read properties of null (reading 'type')

[2023-10-18T19:51:27.445Z] : [error]: Cannot read properties of null (reading 'type')

[2023-10-18T19:51:27.448Z] : [error]: Cannot read properties of null (reading 'type')

[2023-10-18T19:51:27.452Z] : [error]: Cannot read properties of null (reading 'type')

[2023-10-18T19:51:27.454Z] : [error]: Cannot read properties of null (reading 'type')

[2023-10-18T19:51:27.456Z] : [error]: Cannot read properties of null (reading 'type')

[2023-10-18T19:51:27.457Z] : [error]: Cannot read properties of null (reading 'type')

[2023-10-18T19:51:27.458Z] : [error]: Cannot read properties of null (reading 'type')

