
  ==========================================
  Studio Pro version: 9.6.8
  Started at: 10/18/2023, 5:44:08 PM
  ==========================================
  

[2023-10-18T22:44:15.532Z] : [success]: Robot saved successfully

[2023-10-18T22:46:52.933Z] : [success]: Robot saved successfully

[2023-10-18T22:46:57.917Z] : [success]: Bot started

[2023-10-18T22:46:57.917Z] : [info]: Robot start

[2023-10-18T22:47:01.151Z] : [error]: text is not defined

[2023-10-18T22:47:01.587Z] : [info]: Total execution time: 3s 233ms

[2023-10-18T22:47:01.588Z] : [info]: ---------------------------------------------

[2023-10-18T22:56:34.391Z] : [success]: Robot saved successfully

[2023-10-18T22:56:42.427Z] : [success]: Bot started

[2023-10-18T22:56:42.428Z] : [info]: Robot start

[2023-10-18T22:56:45.677Z] : [error]: text is not defined

[2023-10-18T22:56:46.121Z] : [info]: Total execution time: 3s 249ms

[2023-10-18T22:56:46.122Z] : [info]: ---------------------------------------------

[2023-10-18T22:58:57.241Z] : [success]: Robot saved successfully

[2023-10-18T23:04:35.523Z] : [success]: Robot saved successfully

[2023-10-18T23:07:18.019Z] : [success]: Robot saved successfully

[2023-10-18T23:12:42.235Z] : [success]: Robot saved successfully

[2023-10-18T23:21:15.340Z] : [success]: Robot saved successfully

[2023-10-18T23:21:15.483Z] : [info]: ---------------------------------------------

[2023-10-18T23:21:15.483Z] : [success]: Bot started

[2023-10-18T23:21:15.484Z] : [info]: Robot start

[2023-10-18T23:21:23.953Z] : [error]: text is not defined

[2023-10-18T23:21:24.415Z] : [info]: Total execution time: 8s 468ms

[2023-10-18T23:21:24.416Z] : [info]: ---------------------------------------------

[2023-10-18T23:22:45.771Z] : [success]: Robot saved successfully

[2023-10-18T23:28:11.396Z] : [success]: Robot saved successfully

[2023-10-18T23:28:46.016Z] : [success]: Robot saved successfully

[2023-10-18T23:32:28.226Z] : [success]: Robot saved successfully

[2023-10-18T23:35:13.417Z] : [success]: Robot saved successfully

[2023-10-18T23:49:45.658Z] : [success]: Robot saved successfully

[2023-10-19T00:01:15.702Z] : [success]: Robot saved successfully

[2023-10-19T00:11:38.120Z] : [success]: Robot saved successfully

