
  ==========================================
  Studio Pro version: 9.6.8
  Started at: 10/18/2023, 8:38:33 PM
  ==========================================
  

[2023-10-19T01:38:35.184Z] : [success]: Robot saved successfully

[2023-10-19T01:43:55.211Z] : [success]: Robot saved successfully

[2023-10-19T01:51:39.536Z] : [success]: Robot saved successfully

[2023-10-19T01:51:52.870Z] : [error]: Activity parameters required: Console log

[2023-10-19T01:51:53.257Z] : [info]: ---------------------------------------------

[2023-10-19T01:52:05.298Z] : [success]: Robot saved successfully

[2023-10-19T01:56:31.739Z] : [success]: Robot saved successfully

[2023-10-19T02:08:05.677Z] : [success]: Robot saved successfully

[2023-10-19T02:09:05.137Z] : [error]: Unexpected token ')'

[2023-10-19T02:09:05.848Z] : [info]: Total execution time: 51s 492ms

[2023-10-19T02:09:05.849Z] : [info]: ---------------------------------------------

[2023-10-19T02:10:02.079Z] : [success]: Robot saved successfully

[2023-10-19T02:10:13.302Z] : [info]: ---------------------------------------------

[2023-10-19T02:10:13.302Z] : [success]: Bot started

[2023-10-19T02:10:13.303Z] : [info]: Robot start

[2023-10-19T02:10:14.435Z] : [error]: message_folio is not defined

[2023-10-19T02:10:14.636Z] : [info]: Total execution time: 1s 132ms

[2023-10-19T02:10:14.636Z] : [info]: ---------------------------------------------

[2023-10-19T02:10:40.710Z] : [success]: Robot saved successfully

[2023-10-19T02:18:42.395Z] : [error]: string.normalize is not a function

[2023-10-19T02:18:42.898Z] : [info]: Total execution time: 53s 563ms

[2023-10-19T02:18:42.899Z] : [info]: ---------------------------------------------

[2023-10-19T02:50:57.108Z] : [success]: Robot saved successfully

[2023-10-19T02:50:57.221Z] : [info]: ---------------------------------------------

[2023-10-19T02:50:57.222Z] : [success]: Bot started

[2023-10-19T02:50:57.222Z] : [info]: Robot start

[2023-10-19T02:50:58.964Z] : [error]: message_folio is not defined

[2023-10-19T02:50:59.194Z] : [info]: Total execution time: 1s 741ms

[2023-10-19T02:50:59.195Z] : [info]: ---------------------------------------------

[2023-10-19T02:51:04.122Z] : [success]: Robot saved successfully

[2023-10-19T02:51:11.108Z] : [success]: Robot saved successfully

[2023-10-19T02:51:11.285Z] : [success]: Bot started

[2023-10-19T02:51:11.286Z] : [info]: Robot start

[2023-10-19T02:51:13.023Z] : [error]: message_folio is not defined

[2023-10-19T02:51:13.267Z] : [info]: Total execution time: 1s 737ms

[2023-10-19T02:51:13.268Z] : [info]: ---------------------------------------------

[2023-10-19T02:52:32.680Z] : [success]: Robot saved successfully

[2023-10-19T02:58:17.796Z] : [success]: Robot saved successfully

[2023-10-19T03:01:53.214Z] : [success]: Robot saved successfully

[2023-10-19T03:03:42.002Z] : [success]: Robot saved successfully

[2023-10-19T03:06:10.569Z] : [success]: Robot saved successfully

[2023-10-19T03:18:25.579Z] : [success]: Robot saved successfully

[2023-10-19T03:20:18.045Z] : [success]: Robot saved successfully

[2023-10-19T03:23:46.152Z] : [success]: Robot saved successfully

[2023-10-19T03:24:55.827Z] : [success]: Robot saved successfully

[2023-10-19T03:24:59.535Z] : [success]: Robot saved successfully

[2023-10-19T03:26:58.700Z] : [success]: Robot saved successfully

[2023-10-19T03:32:26.636Z] : [success]: Robot saved successfully

[2023-10-19T03:36:51.689Z] : [success]: Robot saved successfully

[2023-10-19T03:52:34.502Z] : [success]: Robot saved successfully

[2023-10-19T03:57:22.154Z] : [success]: Robot saved successfully


  ==========================================
  Studio Pro version: 9.6.8
  Started at: 10/18/2023, 10:59:40 PM
  ==========================================
  

[2023-10-19T03:59:44.170Z] : [success]: Robot saved successfully


  ==========================================
  Studio Pro version: 9.6.8
  Started at: 10/18/2023, 11:00:15 PM
  ==========================================
  

[2023-10-19T04:00:44.100Z] : [success]: Robot saved successfully

[2023-10-19T04:02:15.237Z] : [success]: Robot saved successfully

[2023-10-19T04:03:10.702Z] : [success]: Robot saved successfully

[2023-10-19T04:03:14.663Z] : [success]: Robot saved successfully

[2023-10-19T04:07:05.624Z] : [success]: Robot saved successfully

[2023-10-19T04:09:11.716Z] : [error]: Script Stopped.

[2023-10-19T04:09:12.582Z] : [info]: Total execution time: 1m 58s 199ms

[2023-10-19T04:09:12.583Z] : [info]: ---------------------------------------------

[2023-10-19T04:10:24.617Z] : [success]: Robot saved successfully

[2023-10-19T04:14:19.433Z] : [error]: Script Stopped.

[2023-10-19T04:14:20.516Z] : [info]: Total execution time: 1m 31s 169ms

[2023-10-19T04:14:20.517Z] : [info]: ---------------------------------------------

[2023-10-19T04:15:13.028Z] : [success]: Robot saved successfully

[2023-10-19T04:19:29.749Z] : [success]: Robot saved successfully

[2023-10-19T04:20:41.465Z] : [error]: Script Stopped.

[2023-10-19T04:20:42.532Z] : [info]: Total execution time: 1m 4s 555ms

[2023-10-19T04:20:42.533Z] : [info]: ---------------------------------------------

[2023-10-19T04:23:14.358Z] : [success]: Robot saved successfully

[2023-10-19T04:24:59.464Z] : [error]: Script Stopped.

[2023-10-19T04:25:00.411Z] : [info]: Total execution time: 1m 6s 899ms

[2023-10-19T04:25:00.412Z] : [info]: ---------------------------------------------

[2023-10-19T04:25:18.197Z] : [success]: Robot saved successfully

