
  ==========================================
  Studio Pro version: 9.6.8
  Started at: 10/18/2023, 11:26:52 PM
  ==========================================
  

[2023-10-19T04:27:01.976Z] : [success]: Robot saved successfully

[2023-10-19T04:29:32.358Z] : [error]: Script Stopped.

[2023-10-19T04:29:32.925Z] : [info]: Total execution time: 1m 21s 239ms

[2023-10-19T04:29:32.926Z] : [info]: ---------------------------------------------

[2023-10-19T04:31:44.772Z] : [success]: Robot saved successfully

[2023-10-19T04:32:09.489Z] : [success]: Robot saved successfully

[2023-10-19T04:33:34.960Z] : [error]: Script Stopped.

[2023-10-19T04:33:35.318Z] : [info]: Total execution time: 1m 13s 732ms

[2023-10-19T04:33:35.320Z] : [info]: ---------------------------------------------

[2023-10-19T04:34:49.798Z] : [success]: Robot saved successfully

[2023-10-19T04:38:07.208Z] : [success]: Robot saved successfully

[2023-10-19T04:39:46.612Z] : [error]: Script Stopped.

[2023-10-19T04:39:46.989Z] : [info]: Total execution time: 1m 19s 549ms

[2023-10-19T04:39:46.989Z] : [info]: ---------------------------------------------

[2023-10-19T04:40:29.007Z] : [success]: Robot saved successfully

[2023-10-19T04:42:05.464Z] : [success]: Robot saved successfully

[2023-10-19T04:42:21.960Z] : [success]: Robot saved successfully

[2023-10-19T04:43:42.980Z] : [error]: Script Stopped.

[2023-10-19T04:43:43.350Z] : [info]: Total execution time: 1m 15s 18ms

[2023-10-19T04:43:43.351Z] : [info]: ---------------------------------------------

[2023-10-19T04:44:06.648Z] : [success]: Robot saved successfully

[2023-10-19T04:44:37.094Z] : [success]: Robot saved successfully

[2023-10-19T04:46:12.978Z] : [error]: Script Stopped.

[2023-10-19T04:46:13.526Z] : [info]: Total execution time: 1m 25s 131ms

[2023-10-19T04:46:13.527Z] : [info]: ---------------------------------------------

[2023-10-19T04:51:41.309Z] : [success]: Robot saved successfully

[2023-10-19T04:58:22.279Z] : [success]: Robot saved successfully

[2023-10-19T04:58:33.637Z] : [success]: Robot saved successfully

