[2023-10-15T21:03:27.320Z] : [error]: No elements were found according to your selection. It may happen because of a wrong selector or because the element takes more time to appear on the screen. Try modifying the selector or increasing the element timeout and run the bot again.


  ==========================================
  Studio Pro version: 9.6.8
  Started at: 10/15/2023, 4:03:27 PM
  ==========================================
  

[2023-10-15T21:03:27.920Z] : [info]: Total execution time: 40s 724ms

[2023-10-15T21:03:27.921Z] : [info]: ---------------------------------------------

[2023-10-16T01:44:22.839Z] : [warn]: There is a small amount of free memory (RAM) left, 92.03% of RAM is being used (7309 MBs). The performance of Studio Pro and bots during execution may be unstable. Close applications that are not being used, increase the memory, or optimize the workflow.

[2023-10-16T01:49:35.586Z] : [success]: Robot saved successfully

[2023-10-16T01:49:35.776Z] : [info]: ---------------------------------------------

[2023-10-16T01:49:35.777Z] : [success]: Bot started

[2023-10-16T01:49:35.777Z] : [info]: Robot start

[2023-10-16T01:49:37.741Z] : [info]: message_folio is not defined

[2023-10-16T01:49:38.205Z] : [success]: Bot finished successfully, total execution time: 2s 425ms

[2023-10-16T01:49:38.206Z] : [info]: ---------------------------------------------

[2023-10-16T02:01:03.614Z] : [error]: No elements were found according to your selection. It may happen because of a wrong selector or because the element takes more time to appear on the screen. Try modifying the selector or increasing the element timeout and run the bot again.

[2023-10-16T02:01:04.166Z] : [info]: Total execution time: 59s 596ms

[2023-10-16T02:01:04.167Z] : [info]: ---------------------------------------------

[2023-10-16T02:02:00.399Z] : [error]: No elements were found according to your selection. It may happen because of a wrong selector or because the element takes more time to appear on the screen. Try modifying the selector or increasing the element timeout and run the bot again.

[2023-10-16T02:02:00.819Z] : [info]: Total execution time: 47s 343ms

[2023-10-16T02:02:00.820Z] : [info]: ---------------------------------------------

[2023-10-16T02:02:30.970Z] : [success]: Robot saved successfully

[2023-10-16T02:02:31.153Z] : [success]: Bot started

[2023-10-16T02:02:31.154Z] : [info]: Robot start

[2023-10-16T02:02:32.737Z] : [info]: message_folio is not defined

[2023-10-16T02:02:34.080Z] : [success]: Bot finished successfully, total execution time: 2s 923ms

[2023-10-16T02:02:34.080Z] : [info]: ---------------------------------------------

[2023-10-16T02:03:32.140Z] : [error]: Disposable been disposed

[2023-10-16T02:03:33.176Z] : [info]: Total execution time: 47s 290ms

[2023-10-16T02:03:33.177Z] : [info]: ---------------------------------------------

[2023-10-16T02:05:00.993Z] : [error]: No elements were found according to your selection. It may happen because of a wrong selector or because the element takes more time to appear on the screen. Try modifying the selector or increasing the element timeout and run the bot again.

[2023-10-16T02:05:01.627Z] : [info]: Total execution time: 50s 334ms

[2023-10-16T02:05:01.627Z] : [info]: ---------------------------------------------

[2023-10-16T05:54:43.817Z] : [success]: Robot saved successfully

[2023-10-16T05:58:47.195Z] : [success]: Bot started

[2023-10-16T05:58:47.196Z] : [info]: Robot start

[2023-10-16T05:58:48.722Z] : [info]: message_folio is not defined

[2023-10-16T05:58:49.779Z] : [success]: Bot finished successfully, total execution time: 2s 580ms

[2023-10-16T05:58:49.780Z] : [info]: ---------------------------------------------

[2023-10-16T05:59:35.641Z] : [error]: No elements were found according to your selection. It may happen because of a wrong selector or because the element takes more time to appear on the screen. Try modifying the selector or increasing the element timeout and run the bot again.

[2023-10-16T05:59:36.071Z] : [info]: Total execution time: 38s 103ms

[2023-10-16T05:59:36.073Z] : [info]: ---------------------------------------------

[2023-10-16T06:01:22.508Z] : [success]: Robot saved successfully

[2023-10-16T06:02:25.617Z] : [error]: No elements were found according to your selection. It may happen because of a wrong selector or because the element takes more time to appear on the screen. Try modifying the selector or increasing the element timeout and run the bot again.

[2023-10-16T06:02:26.042Z] : [info]: Total execution time: 39s 585ms

[2023-10-16T06:02:26.044Z] : [info]: ---------------------------------------------

[2023-10-16T06:04:22.811Z] : [warn]: There is a small amount of free memory (RAM) left, 90.09% of RAM is being used (7155 MBs). The performance of Studio Pro and bots during execution may be unstable. Close applications that are not being used, increase the memory, or optimize the workflow.

[2023-10-16T06:04:56.846Z] : [success]: Robot saved successfully

[2023-10-16T06:15:15.921Z] : [error]: Canceled by user

[2023-10-16T06:15:16.645Z] : [info]: Total execution time: 50s 974ms

[2023-10-16T06:15:16.646Z] : [info]: ---------------------------------------------

[2023-10-16T06:15:45.919Z] : [success]: Robot saved successfully

[2023-10-16T06:15:46.266Z] : [success]: Bot started

[2023-10-16T06:15:46.267Z] : [info]: Robot start

[2023-10-16T06:15:47.966Z] : [info]: message_folio is not defined

[2023-10-16T06:15:48.469Z] : [success]: Bot finished successfully, total execution time: 2s 200ms

[2023-10-16T06:15:48.469Z] : [info]: ---------------------------------------------

[2023-10-16T06:34:42.768Z] : [error]: CAN_NOT_FIND_TAB

[2023-10-16T06:34:43.275Z] : [info]: Total execution time: 44s 771ms

[2023-10-16T06:34:43.276Z] : [info]: ---------------------------------------------

[2023-10-16T06:37:00.611Z] : [success]: Robot saved successfully

[2023-10-16T06:38:41.485Z] : [success]: Robot saved successfully

[2023-10-16T06:38:44.658Z] : [success]: Bot finished successfully, total execution time: 2s 711ms

[2023-10-16T06:38:44.658Z] : [info]: ---------------------------------------------

[2023-10-16T06:44:35.115Z] : [error]: Selectors: Element property 'innerText' not found.


[2023-10-16T06:44:35.592Z] : [info]: Total execution time: 40s 827ms

[2023-10-16T06:44:35.592Z] : [info]: ---------------------------------------------

[2023-10-16T06:46:10.412Z] : [error]: Selectors: Element property 'name' not found.


[2023-10-16T06:46:10.910Z] : [info]: Total execution time: 38s 594ms

[2023-10-16T06:46:10.910Z] : [info]: ---------------------------------------------

[2023-10-16T06:54:45.932Z] : [error]: Selectors: Element property 'name' not found.


[2023-10-16T06:54:46.472Z] : [info]: Total execution time: 42s 945ms

[2023-10-16T06:54:46.473Z] : [info]: ---------------------------------------------

[2023-10-16T06:58:05.447Z] : [error]: No elements were found according to your selection. It may happen because of a wrong selector or because the element takes more time to appear on the screen. Try modifying the selector or increasing the element timeout and run the bot again.

[2023-10-16T06:58:06.183Z] : [info]: Total execution time: 40s 720ms

[2023-10-16T06:58:06.184Z] : [info]: ---------------------------------------------

[2023-10-16T07:04:57.713Z] : [error]: No elements were found according to your selection. It may happen because of a wrong selector or because the element takes more time to appear on the screen. Try modifying the selector or increasing the element timeout and run the bot again.

[2023-10-16T07:04:58.441Z] : [info]: Total execution time: 41s 629ms

[2023-10-16T07:04:58.442Z] : [info]: ---------------------------------------------

[2023-10-16T07:09:46.857Z] : [success]: Robot saved successfully

[2023-10-16T07:23:52.756Z] : [warn]: There is a small amount of free memory (RAM) left, 90.08% of RAM is being used (7154 MBs). The performance of Studio Pro and bots during execution may be unstable. Close applications that are not being used, increase the memory, or optimize the workflow.

[2023-10-16T07:33:46.770Z] : [success]: Robot saved successfully

[2023-10-16T07:34:57.308Z] : [success]: Robot saved successfully

