[2023-10-17T07:58:02.112Z] : [error]: ENOENT: no such file or directory, stat 'C:\Users\braya\AppData\Local\Google\Chrome\User Data\CrashpadMetrics.pma'


  ==========================================
  Studio Pro version: 9.6.8
  Started at: 10/17/2023, 2:58:02 AM
  ==========================================
  

[2023-10-17T07:58:02.665Z] : [info]: Total execution time: 13s 457ms

[2023-10-17T07:58:02.666Z] : [info]: ---------------------------------------------

[2023-10-17T08:00:46.318Z] : [success]: Robot saved successfully

[2023-10-17T16:52:19.790Z] : [error]: Script Stopped.


  ==========================================
  Studio Pro version: 9.6.8
  Started at: 10/17/2023, 11:52:20 AM
  ==========================================
  

[2023-10-17T16:52:20.849Z] : [info]: Total execution time: 27s 944ms

[2023-10-17T16:52:20.850Z] : [info]: ---------------------------------------------

[2023-10-17T16:52:24.833Z] : [success]: Robot saved successfully


  ==========================================
  Studio Pro version: 9.6.8
  Started at: 10/17/2023, 1:14:03 PM
  ==========================================
  

[2023-10-17T18:15:05.047Z] : [success]: Robot saved successfully

