
  ==========================================
  Studio Pro version: 9.6.8
  Started at: 10/18/2023, 1:49:53 PM
  ==========================================
  

[2023-10-18T18:55:00.774Z] : [success]: Robot saved successfully

[2023-10-18T18:59:21.946Z] : [success]: Robot saved successfully

[2023-10-18T19:04:01.568Z] : [success]: Robot saved successfully

[2023-10-18T19:05:47.632Z] : [success]: Robot saved successfully

[2023-10-18T19:06:17.964Z] : [success]: Bot started

[2023-10-18T19:06:17.966Z] : [info]: Robot start

[2023-10-18T19:06:20.168Z] : [error]: URL is not defined

[2023-10-18T19:06:20.575Z] : [info]: Total execution time: 2s 202ms

[2023-10-18T19:06:20.575Z] : [info]: ---------------------------------------------

[2023-10-18T19:07:56.808Z] : [warn]: There is a small amount of free memory (RAM) left, 90.19% of RAM is being used (7163 MBs). The performance of Studio Pro and bots during execution may be unstable. Close applications that are not being used, increase the memory, or optimize the workflow.

[2023-10-18T19:09:01.357Z] : [success]: Robot saved successfully

[2023-10-18T19:09:29.733Z] : [success]: Robot saved successfully

[2023-10-18T19:09:30.082Z] : [success]: Bot started

[2023-10-18T19:09:30.083Z] : [info]: Robot start

[2023-10-18T19:09:32.652Z] : [success]: Bot finished successfully, total execution time: 2s 566ms

[2023-10-18T19:09:32.652Z] : [info]: ---------------------------------------------

[2023-10-18T19:10:26.740Z] : [warn]: There is a small amount of free memory (RAM) left, 90.28% of RAM is being used (7170 MBs). The performance of Studio Pro and bots during execution may be unstable. Close applications that are not being used, increase the memory, or optimize the workflow.

[2023-10-18T19:11:39.682Z] : [success]: Robot saved successfully

[2023-10-18T19:13:17.003Z] : [success]: Robot saved successfully

[2023-10-18T19:14:54.786Z] : [success]: Robot saved successfully

[2023-10-18T19:15:56.784Z] : [warn]: There is a small amount of free memory (RAM) left, 93.47% of RAM is being used (7423 MBs). The performance of Studio Pro and bots during execution may be unstable. Close applications that are not being used, increase the memory, or optimize the workflow.

[2023-10-18T19:16:36.524Z] : [success]: Robot saved successfully

[2023-10-18T19:17:40.513Z] : [success]: Robot saved successfully

[2023-10-18T19:51:22.202Z] : [success]: Robot saved successfully

