[2023-10-23T06:01:49.467Z] : [error]: No elements were found according to your selection. It may happen because of a wrong selector or because the element takes more time to appear on the screen. Try modifying the selector or increasing the element timeout and run the bot again.


  ==========================================
  Studio Pro version: 9.6.8
  Started at: 10/23/2023, 1:01:49 AM
  ==========================================
  

[2023-10-23T06:01:50.700Z] : [info]: Total execution time: 39s 121ms

[2023-10-23T06:01:50.703Z] : [info]: ---------------------------------------------

[2023-10-23T06:04:11.582Z] : [warn]: There is a small amount of free memory (RAM) left, 90.87% of RAM is being used (7217 MBs). The performance of Studio Pro and bots during execution may be unstable. Close applications that are not being used, increase the memory, or optimize the workflow.

[2023-10-23T06:07:11.588Z] : [warn]: There is a small amount of free memory (RAM) left, 91.02% of RAM is being used (7229 MBs). The performance of Studio Pro and bots during execution may be unstable. Close applications that are not being used, increase the memory, or optimize the workflow.

[2023-10-23T06:27:11.622Z] : [warn]: There is a small amount of free memory (RAM) left, 90.9% of RAM is being used (7219 MBs). The performance of Studio Pro and bots during execution may be unstable. Close applications that are not being used, increase the memory, or optimize the workflow.

[2023-10-23T08:28:41.754Z] : [warn]: There is a small amount of free memory (RAM) left, 93.49% of RAM is being used (7425 MBs). The performance of Studio Pro and bots during execution may be unstable. Close applications that are not being used, increase the memory, or optimize the workflow.

[2023-10-23T09:01:32.564Z] : [warn]: There is a small amount of free memory (RAM) left, 91.29% of RAM is being used (7250 MBs). The performance of Studio Pro and bots during execution may be unstable. Close applications that are not being used, increase the memory, or optimize the workflow.

[2023-10-23T12:19:34.059Z] : [warn]: There is a small amount of free memory (RAM) left, 92.12% of RAM is being used (7316 MBs). The performance of Studio Pro and bots during execution may be unstable. Close applications that are not being used, increase the memory, or optimize the workflow.

[2023-10-23T14:32:08.217Z] : [warn]: There is a small amount of free memory (RAM) left, 93.83% of RAM is being used (7452 MBs). The performance of Studio Pro and bots during execution may be unstable. Close applications that are not being used, increase the memory, or optimize the workflow.

[2023-10-23T15:17:11.582Z] : [warn]: There is a small amount of free memory (RAM) left, 90.57% of RAM is being used (7193 MBs). The performance of Studio Pro and bots during execution may be unstable. Close applications that are not being used, increase the memory, or optimize the workflow.

[2023-10-23T15:32:41.672Z] : [warn]: There is a small amount of free memory (RAM) left, 90.61% of RAM is being used (7196 MBs). The performance of Studio Pro and bots during execution may be unstable. Close applications that are not being used, increase the memory, or optimize the workflow.

[2023-10-23T15:49:41.774Z] : [warn]: There is a small amount of free memory (RAM) left, 90.3% of RAM is being used (7172 MBs). The performance of Studio Pro and bots during execution may be unstable. Close applications that are not being used, increase the memory, or optimize the workflow.

[2023-10-23T15:57:11.581Z] : [warn]: There is a small amount of free memory (RAM) left, 91.41% of RAM is being used (7260 MBs). The performance of Studio Pro and bots during execution may be unstable. Close applications that are not being used, increase the memory, or optimize the workflow.

[2023-10-23T16:00:11.609Z] : [warn]: There is a small amount of free memory (RAM) left, 92.92% of RAM is being used (7380 MBs). The performance of Studio Pro and bots during execution may be unstable. Close applications that are not being used, increase the memory, or optimize the workflow.

[2023-10-23T16:02:41.665Z] : [warn]: There is a small amount of free memory (RAM) left, 90.17% of RAM is being used (7161 MBs). The performance of Studio Pro and bots during execution may be unstable. Close applications that are not being used, increase the memory, or optimize the workflow.

[2023-10-23T16:04:11.582Z] : [warn]: There is a small amount of free memory (RAM) left, 90.12% of RAM is being used (7157 MBs). The performance of Studio Pro and bots during execution may be unstable. Close applications that are not being used, increase the memory, or optimize the workflow.

[2023-10-23T16:33:01.444Z] : [error]: Uncaught (in promise): n: {"headers":{"normalizedNames":{},"lazyUpdate":null,"headers":{}},"status":0,"statusText":"Unknown Error","url":"http://localhost:5001/api/settings/logout","ok":false,"name":"HttpErrorResponse","message":"Http failure response for http://localhost:5001/api/settings/logout: 0 Unknown Error","error":{"isTrusted":true}}

[2023-10-23T16:33:01.471Z] : [error]: Uncaught (in promise): n: {"headers":{"normalizedNames":{},"lazyUpdate":null,"headers":{}},"status":0,"statusText":"Unknown Error","url":"http://localhost:5001/api/organization","ok":false,"name":"HttpErrorResponse","message":"Http failure response for http://localhost:5001/api/organization: 0 Unknown Error","error":{"isTrusted":true}}

[2023-10-23T16:33:08.078Z] : [error]: Uncaught (in promise): n: {"headers":{"normalizedNames":{},"lazyUpdate":null,"headers":{}},"status":0,"statusText":"Unknown Error","url":"http://localhost:5001/api/settings/logout","ok":false,"name":"HttpErrorResponse","message":"Http failure response for http://localhost:5001/api/settings/logout: 0 Unknown Error","error":{"isTrusted":true}}

[2023-10-23T16:33:08.320Z] : [error]: Uncaught (in promise): n: {"headers":{"normalizedNames":{},"lazyUpdate":null,"headers":{}},"status":0,"statusText":"Unknown Error","url":"http://localhost:5001/api/settings/logout","ok":false,"name":"HttpErrorResponse","message":"Http failure response for http://localhost:5001/api/settings/logout: 0 Unknown Error","error":{"isTrusted":true}}

[2023-10-23T16:33:10.431Z] : [error]: Uncaught (in promise): n: {"headers":{"normalizedNames":{},"lazyUpdate":null,"headers":{}},"status":0,"statusText":"Unknown Error","url":"http://localhost:5001/api/settings/logout","ok":false,"name":"HttpErrorResponse","message":"Http failure response for http://localhost:5001/api/settings/logout: 0 Unknown Error","error":{"isTrusted":true}}

[2023-10-23T16:33:12.764Z] : [error]: Cannot read properties of null (reading 'type')

